{"D:\\SabaiCode\\express\\express-tsoa\\src\\database\\models\\product.model.ts": {"path":"D:\\SabaiCode\\express\\express-tsoa\\src\\database\\models\\product.model.ts","statementMap":{"0":{"start":{"line":1,"column":0},"end":{"line":1,"column":41}},"1":{"start":{"line":12,"column":22},"end":{"line":17,"column":2}},"2":{"start":{"line":20,"column":21},"end":{"line":20,"column":66}},"3":{"start":{"line":22,"column":0},"end":{"line":22,"column":28}}},"fnMap":{},"branchMap":{},"s":{"0":1,"1":1,"2":1,"3":1},"f":{},"b":{}}
,"D:\\SabaiCode\\express\\express-tsoa\\src\\database\\repositories\\product.repository.ts": {"path":"D:\\SabaiCode\\express\\express-tsoa\\src\\database\\repositories\\product.repository.ts","statementMap":{"0":{"start":{"line":7,"column":0},"end":{"line":7,"column":69}},"1":{"start":{"line":18,"column":4},"end":{"line":23,"column":5}},"2":{"start":{"line":19,"column":25},"end":{"line":19,"column":66}},"3":{"start":{"line":20,"column":6},"end":{"line":20,"column":24}},"4":{"start":{"line":22,"column":6},"end":{"line":22,"column":18}},"5":{"start":{"line":28,"column":4},"end":{"line":37,"column":5}},"6":{"start":{"line":29,"column":22},"end":{"line":29,"column":53}},"7":{"start":{"line":30,"column":6},"end":{"line":32,"column":7}},"8":{"start":{"line":31,"column":8},"end":{"line":31,"column":46}},"9":{"start":{"line":34,"column":6},"end":{"line":34,"column":21}},"10":{"start":{"line":36,"column":6},"end":{"line":36,"column":18}},"11":{"start":{"line":46,"column":8},"end":{"line":46,"column":15}},"12":{"start":{"line":49,"column":23},"end":{"line":55,"column":56}},"13":{"start":{"line":50,"column":24},"end":{"line":50,"column":60}},"14":{"start":{"line":51,"column":6},"end":{"line":53,"column":7}},"15":{"start":{"line":52,"column":8},"end":{"line":52,"column":75}},"16":{"start":{"line":54,"column":6},"end":{"line":54,"column":17}},"17":{"start":{"line":58,"column":24},"end":{"line":81,"column":5}},"18":{"start":{"line":59,"column":47},"end":{"line":59,"column":49}},"19":{"start":{"line":60,"column":6},"end":{"line":79,"column":7}},"20":{"start":{"line":61,"column":8},"end":{"line":78,"column":9}},"21":{"start":{"line":62,"column":10},"end":{"line":75,"column":11}},"22":{"start":{"line":66,"column":12},"end":{"line":66,"column":34}},"23":{"start":{"line":67,"column":12},"end":{"line":69,"column":13}},"24":{"start":{"line":68,"column":14},"end":{"line":68,"column":54}},"25":{"start":{"line":70,"column":12},"end":{"line":72,"column":13}},"26":{"start":{"line":71,"column":14},"end":{"line":71,"column":54}},"27":{"start":{"line":74,"column":12},"end":{"line":74,"column":43}},"28":{"start":{"line":77,"column":10},"end":{"line":77,"column":41}},"29":{"start":{"line":80,"column":6},"end":{"line":80,"column":25}},"30":{"start":{"line":83,"column":4},"end":{"line":103,"column":5}},"31":{"start":{"line":84,"column":26},"end":{"line":84,"column":45}},"32":{"start":{"line":85,"column":6},"end":{"line":85,"column":31}},"33":{"start":{"line":86,"column":24},"end":{"line":89,"column":21}},"34":{"start":{"line":91,"column":21},"end":{"line":91,"column":36}},"35":{"start":{"line":92,"column":25},"end":{"line":92,"column":71}},"36":{"start":{"line":94,"column":6},"end":{"line":99,"column":8}},"37":{"start":{"line":101,"column":6},"end":{"line":101,"column":75}},"38":{"start":{"line":102,"column":6},"end":{"line":102,"column":18}},"39":{"start":{"line":108,"column":4},"end":{"line":116,"column":5}},"40":{"start":{"line":109,"column":28},"end":{"line":109,"column":68}},"41":{"start":{"line":111,"column":6},"end":{"line":113,"column":7}},"42":{"start":{"line":112,"column":8},"end":{"line":112,"column":46}},"43":{"start":{"line":115,"column":6},"end":{"line":115,"column":18}},"44":{"start":{"line":124,"column":4},"end":{"line":138,"column":5}},"45":{"start":{"line":125,"column":29},"end":{"line":128,"column":null}},"46":{"start":{"line":131,"column":6},"end":{"line":133,"column":7}},"47":{"start":{"line":132,"column":8},"end":{"line":132,"column":46}},"48":{"start":{"line":135,"column":6},"end":{"line":135,"column":28}},"49":{"start":{"line":137,"column":6},"end":{"line":137,"column":18}},"50":{"start":{"line":142,"column":0},"end":{"line":142,"column":39}}},"fnMap":{"0":{"name":"(anonymous_8)","decl":{"start":{"line":15,"column":15},"end":{"line":15,"column":28}},"loc":{"start":{"line":16,"column":40},"end":{"line":24,"column":null}}},"1":{"name":"(anonymous_10)","decl":{"start":{"line":27,"column":15},"end":{"line":27,"column":29}},"loc":{"start":{"line":27,"column":40},"end":{"line":38,"column":null}}},"2":{"name":"(anonymous_12)","decl":{"start":{"line":40,"column":8},"end":{"line":40,"column":14}},"loc":{"start":{"line":40,"column":47},"end":{"line":104,"column":null}}},"3":{"name":"(anonymous_14)","decl":{"start":{"line":49,"column":48},"end":{"line":49,"column":49}},"loc":{"start":{"line":49,"column":61},"end":{"line":55,"column":5}}},"4":{"name":"(anonymous_15)","decl":{"start":{"line":58,"column":24},"end":{"line":58,"column":25}},"loc":{"start":{"line":58,"column":56},"end":{"line":81,"column":5}}},"5":{"name":"(anonymous_16)","decl":{"start":{"line":107,"column":15},"end":{"line":107,"column":28}},"loc":{"start":{"line":107,"column":39},"end":{"line":117,"column":null}}},"6":{"name":"(anonymous_18)","decl":{"start":{"line":120,"column":15},"end":{"line":120,"column":28}},"loc":{"start":{"line":122,"column":40},"end":{"line":139,"column":null}}}},"branchMap":{"0":{"loc":{"start":{"line":30,"column":6},"end":{"line":32,"column":7}},"type":"if","locations":[{"start":{"line":30,"column":6},"end":{"line":32,"column":7}}]},"1":{"loc":{"start":{"line":42,"column":6},"end":{"line":42,"column":14}},"type":"default-arg","locations":[{"start":{"line":42,"column":13},"end":{"line":42,"column":14}}]},"2":{"loc":{"start":{"line":43,"column":6},"end":{"line":43,"column":16}},"type":"default-arg","locations":[{"start":{"line":43,"column":14},"end":{"line":43,"column":16}}]},"3":{"loc":{"start":{"line":44,"column":6},"end":{"line":44,"column":17}},"type":"default-arg","locations":[{"start":{"line":44,"column":15},"end":{"line":44,"column":17}}]},"4":{"loc":{"start":{"line":45,"column":6},"end":{"line":45,"column":29}},"type":"default-arg","locations":[{"start":{"line":45,"column":13},"end":{"line":45,"column":29}}]},"5":{"loc":{"start":{"line":51,"column":6},"end":{"line":53,"column":7}},"type":"if","locations":[{"start":{"line":51,"column":6},"end":{"line":53,"column":7}}]},"6":{"loc":{"start":{"line":51,"column":10},"end":{"line":51,"column":53}},"type":"binary-expr","locations":[{"start":{"line":51,"column":10},"end":{"line":51,"column":29}},{"start":{"line":51,"column":33},"end":{"line":51,"column":53}}]},"7":{"loc":{"start":{"line":52,"column":46},"end":{"line":52,"column":74}},"type":"cond-expr","locations":[{"start":{"line":52,"column":68},"end":{"line":52,"column":69}},{"start":{"line":52,"column":72},"end":{"line":52,"column":74}}]},"8":{"loc":{"start":{"line":61,"column":8},"end":{"line":78,"column":9}},"type":"if","locations":[{"start":{"line":61,"column":8},"end":{"line":78,"column":9}},{"start":{"line":76,"column":15},"end":{"line":78,"column":9}}]},"9":{"loc":{"start":{"line":62,"column":10},"end":{"line":75,"column":11}},"type":"if","locations":[{"start":{"line":62,"column":10},"end":{"line":75,"column":11}},{"start":{"line":73,"column":17},"end":{"line":75,"column":11}}]},"10":{"loc":{"start":{"line":63,"column":12},"end":{"line":64,"column":45}},"type":"binary-expr","locations":[{"start":{"line":63,"column":12},"end":{"line":63,"column":45}},{"start":{"line":64,"column":12},"end":{"line":64,"column":45}}]},"11":{"loc":{"start":{"line":67,"column":12},"end":{"line":69,"column":13}},"type":"if","locations":[{"start":{"line":67,"column":12},"end":{"line":69,"column":13}}]},"12":{"loc":{"start":{"line":70,"column":12},"end":{"line":72,"column":13}},"type":"if","locations":[{"start":{"line":70,"column":12},"end":{"line":72,"column":13}}]},"13":{"loc":{"start":{"line":111,"column":6},"end":{"line":113,"column":7}},"type":"if","locations":[{"start":{"line":111,"column":6},"end":{"line":113,"column":7}}]},"14":{"loc":{"start":{"line":131,"column":6},"end":{"line":133,"column":7}},"type":"if","locations":[{"start":{"line":131,"column":6},"end":{"line":133,"column":7}}]}},"s":{"0":1,"1":0,"2":0,"3":0,"4":0,"5":0,"6":0,"7":0,"8":0,"9":0,"10":0,"11":0,"12":0,"13":0,"14":0,"15":0,"16":0,"17":0,"18":0,"19":0,"20":0,"21":0,"22":0,"23":0,"24":0,"25":0,"26":0,"27":0,"28":0,"29":0,"30":0,"31":0,"32":0,"33":0,"34":0,"35":0,"36":0,"37":0,"38":0,"39":0,"40":0,"41":0,"42":0,"43":0,"44":0,"45":0,"46":0,"47":0,"48":0,"49":0,"50":1},"f":{"0":0,"1":0,"2":0,"3":0,"4":0,"5":0,"6":0},"b":{"0":[0],"1":[0],"2":[0],"3":[0],"4":[0],"5":[0],"6":[0,0],"7":[0,0],"8":[0,0],"9":[0,0],"10":[0,0],"11":[0],"12":[0],"13":[0],"14":[0]}}
,"D:\\SabaiCode\\express\\express-tsoa\\src\\services\\product.service.ts": {"path":"D:\\SabaiCode\\express\\express-tsoa\\src\\services\\product.service.ts","statementMap":{"0":{"start":{"line":9,"column":0},"end":{"line":9,"column":76}},"1":{"start":{"line":16,"column":4},"end":{"line":22,"column":5}},"2":{"start":{"line":17,"column":25},"end":{"line":17,"column":78}},"3":{"start":{"line":18,"column":6},"end":{"line":18,"column":24}},"4":{"start":{"line":20,"column":6},"end":{"line":20,"column":77}},"5":{"start":{"line":21,"column":6},"end":{"line":21,"column":18}},"6":{"start":{"line":27,"column":4},"end":{"line":42,"column":5}},"7":{"start":{"line":28,"column":44},"end":{"line":28,"column":51}},"8":{"start":{"line":30,"column":25},"end":{"line":35,"column":8}},"9":{"start":{"line":36,"column":21},"end":{"line":36,"column":63}},"10":{"start":{"line":38,"column":6},"end":{"line":38,"column":20}},"11":{"start":{"line":40,"column":6},"end":{"line":40,"column":80}},"12":{"start":{"line":41,"column":6},"end":{"line":41,"column":18}},"13":{"start":{"line":47,"column":4},"end":{"line":52,"column":5}},"14":{"start":{"line":48,"column":22},"end":{"line":48,"column":64}},"15":{"start":{"line":49,"column":6},"end":{"line":49,"column":21}},"16":{"start":{"line":51,"column":6},"end":{"line":51,"column":18}},"17":{"start":{"line":57,"column":4},"end":{"line":61,"column":5}},"18":{"start":{"line":58,"column":6},"end":{"line":58,"column":48}},"19":{"start":{"line":60,"column":6},"end":{"line":60,"column":18}},"20":{"start":{"line":69,"column":4},"end":{"line":77,"column":5}},"21":{"start":{"line":70,"column":29},"end":{"line":72,"column":null}},"22":{"start":{"line":74,"column":6},"end":{"line":74,"column":28}},"23":{"start":{"line":76,"column":6},"end":{"line":76,"column":18}},"24":{"start":{"line":11,"column":0},"end":{"line":11,"column":13}},"25":{"start":{"line":81,"column":0},"end":{"line":81,"column":36}}},"fnMap":{"0":{"name":"(anonymous_8)","decl":{"start":{"line":13,"column":15},"end":{"line":13,"column":28}},"loc":{"start":{"line":14,"column":40},"end":{"line":23,"column":null}}},"1":{"name":"(anonymous_10)","decl":{"start":{"line":26,"column":8},"end":{"line":26,"column":22}},"loc":{"start":{"line":26,"column":52},"end":{"line":43,"column":null}}},"2":{"name":"(anonymous_12)","decl":{"start":{"line":46,"column":15},"end":{"line":46,"column":29}},"loc":{"start":{"line":46,"column":40},"end":{"line":53,"column":null}}},"3":{"name":"(anonymous_14)","decl":{"start":{"line":56,"column":15},"end":{"line":56,"column":28}},"loc":{"start":{"line":56,"column":39},"end":{"line":62,"column":null}}},"4":{"name":"(anonymous_16)","decl":{"start":{"line":65,"column":15},"end":{"line":65,"column":28}},"loc":{"start":{"line":67,"column":40},"end":{"line":78,"column":null}}}},"branchMap":{"0":{"loc":{"start":{"line":33,"column":16},"end":{"line":33,"column":44}},"type":"binary-expr","locations":[{"start":{"line":33,"column":16},"end":{"line":33,"column":22}},{"start":{"line":33,"column":26},"end":{"line":33,"column":44}}]},"1":{"loc":{"start":{"line":34,"column":14},"end":{"line":34,"column":38}},"type":"binary-expr","locations":[{"start":{"line":34,"column":14},"end":{"line":34,"column":18}},{"start":{"line":34,"column":22},"end":{"line":34,"column":38}}]}},"s":{"0":1,"1":0,"2":0,"3":0,"4":0,"5":0,"6":0,"7":0,"8":0,"9":0,"10":0,"11":0,"12":0,"13":0,"14":0,"15":0,"16":0,"17":0,"18":0,"19":0,"20":0,"21":0,"22":0,"23":0,"24":1,"25":1},"f":{"0":0,"1":0,"2":0,"3":0,"4":0},"b":{"0":[0,0],"1":[0,0]}}
}
